<?xml version="1.0" encoding="UTF-8"?>
<!-- Generated by org.testng.reporters.JUnitXMLReporter -->
<testsuite ignored="0" hostname="DESKTOP-1B17E07" failures="0" tests="9" name="Test" time="30.304" errors="0" timestamp="2023-10-11T18:25:36 IST">
  <testcase classname="TestNG.TestNG_Example2" name="addemp" time="0.013"/>
  <testcase classname="TestNG.TestNG_Example2" name="deleteemp" time="0.005"/>
  <testcase classname="TestNG.TestNG_Examples" name="test" time="0.006"/>
  <testcase classname="TestNG.TestNG_Examples" name="test2" time="0.006"/>
  <testcase classname="TestNG.TestNG_Example_4" name="m3" time="0.006"/>
  <testcase classname="TestNG.TestNG_Example_4" name="m4" time="0.002"/>
  <testcase classname="TestNG.TestNG_Example_4" name="m2" time="0.011"/>
  <testcase classname="TestNG.TestNg_Example1" name="login" time="21.711"/>
  <testcase classname="TestNG.TestNg_Example1" name="test" time="0.001"/>
</testsuite> <!-- Test -->
