<?xml version="1.0" encoding="UTF-8"?>
<testng-results ignored="0" total="1" passed="1" failed="0" skipped="0">
  <reporter-output>
  </reporter-output>
  <suite started-at="2023-10-17T18:57:36 IST" name="Default suite" finished-at="2023-10-17T18:57:55 IST" duration-ms="19067">
    <groups>
    </groups>
    <test started-at="2023-10-17T18:57:36 IST" name="Default test" finished-at="2023-10-17T18:57:55 IST" duration-ms="19067">
      <class name="PageObjectModel.LoginTest">
        <test-method is-config="true" signature="launch()[pri:0, instance:PageObjectModel.LoginTest@235ecd9f]" started-at="2023-10-17T18:57:36 IST" name="launch" finished-at="2023-10-17T18:57:42 IST" duration-ms="5798" status="PASS">
          <reporter-output>
          </reporter-output>
        </test-method> <!-- launch -->
        <test-method signature="login()[pri:0, instance:PageObjectModel.LoginTest@235ecd9f]" started-at="2023-10-17T18:57:42 IST" name="login" finished-at="2023-10-17T18:57:55 IST" duration-ms="12986" status="PASS">
          <reporter-output>
          </reporter-output>
        </test-method> <!-- login -->
        <test-method is-config="true" signature="logout()[pri:0, instance:PageObjectModel.LoginTest@235ecd9f]" started-at="2023-10-17T18:57:55 IST" name="logout" finished-at="2023-10-17T18:57:55 IST" duration-ms="209" status="PASS">
          <reporter-output>
          </reporter-output>
        </test-method> <!-- logout -->
      </class> <!-- PageObjectModel.LoginTest -->
    </test> <!-- Default test -->
  </suite> <!-- Default suite -->
</testng-results>
